{
  "RSpec": {
    "coverage": {
      "/home/bvuon8a0320/CodeFellows/ticketee/app/models/user.rb": [
        1,
        null,
        null,
        null,
        1,
        null,
        null,
        null,
        null,
        1,
        null,
        null
      ],
      "/home/bvuon8a0320/CodeFellows/ticketee/app/controllers/application_controller.rb": [
        1,
        1,
        null,
        1,
        null,
        1,
        15,
        15,
        6,
        6,
        null,
        null,
        null,
        null
      ],
      "/home/bvuon8a0320/CodeFellows/ticketee/app/helpers/application_helper.rb": [
        1,
        null,
        1,
        18,
        18,
        18,
        null,
        null,
        null,
        null,
        1,
        53,
        null,
        null
      ],
      "/home/bvuon8a0320/CodeFellows/ticketee/app/helpers/admin/users_helper.rb": [
        1,
        null
      ],
      "/home/bvuon8a0320/CodeFellows/ticketee/app/helpers/projects_helper.rb": [
        1,
        null
      ],
      "/home/bvuon8a0320/CodeFellows/ticketee/app/helpers/tickets_helper.rb": [
        1,
        null
      ],
      "/home/bvuon8a0320/CodeFellows/ticketee/app/controllers/admin/base_controller.rb": [
        1,
        1,
        null
      ],
      "/home/bvuon8a0320/CodeFellows/ticketee/app/controllers/admin/users_controller.rb": [
        1,
        1,
        null,
        null
      ],
      "/home/bvuon8a0320/CodeFellows/ticketee/app/controllers/projects_controller.rb": [
        1,
        null,
        1,
        1,
        null,
        1,
        35,
        null,
        null,
        null,
        1,
        2,
        null,
        null,
        null,
        1,
        2,
        2,
        1,
        1,
        null,
        1,
        1,
        null,
        null,
        null,
        1,
        null,
        null,
        null,
        1,
        null,
        null,
        null,
        1,
        null,
        2,
        1,
        1,
        null,
        1,
        1,
        null,
        null,
        null,
        1,
        1,
        1,
        1,
        null,
        null,
        1,
        1,
        24,
        null,
        1,
        1,
        null,
        null,
        null,
        null,
        null,
        null
      ],
      "/home/bvuon8a0320/CodeFellows/ticketee/app/models/project.rb": [
        1,
        1,
        1,
        1,
        null
      ],
      "/home/bvuon8a0320/CodeFellows/ticketee/app/controllers/tickets_controller.rb": [
        1,
        null,
        1,
        1,
        1,
        1,
        null,
        null,
        1,
        3,
        null,
        null,
        1,
        3,
        3,
        3,
        1,
        1,
        null,
        2,
        2,
        null,
        null,
        null,
        1,
        11,
        null,
        null,
        1,
        null,
        null,
        1,
        null,
        null,
        1,
        2,
        1,
        1,
        null,
        1,
        1,
        null,
        null,
        null,
        1,
        1,
        1,
        1,
        null,
        null,
        1,
        1,
        20,
        null,
        null
      ],
      "/home/bvuon8a0320/CodeFellows/ticketee/app/models/ticket.rb": [
        1,
        1,
        1,
        1,
        null,
        1,
        1,
        1,
        null,
        null
      ]
    },
    "timestamp": 1374126856
  }
}
